<?xml version="1.0" encoding="UTF-8"?>
<!-- Generated by org.testng.reporters.JUnitReportReporter -->
<testsuite hostname="DESKTOP-9FOPB7P" failures="0" tests="2" name="testNGConcepts.AssertionRealExample" time="18.409" errors="0" timestamp="2024-04-20T14:37:26 IST" skipped="0">
  <testcase classname="testNGConcepts.AssertionRealExample" name="verifyInvalidLogin" time="8.201"/>
  <system-out/>
  <testcase classname="testNGConcepts.AssertionRealExample" name="verifyValidLogin" time="10.208"/>
  <system-out/>
</testsuite> <!-- testNGConcepts.AssertionRealExample -->
