<?xml version="1.0" encoding="UTF-8"?>
<!-- Generated by org.testng.reporters.JUnitReportReporter -->
<testsuite hostname="DESKTOP-9FOPB7P" failures="0" tests="2" name="testcases.VerifyLoginTestCases" time="11.719" errors="0" timestamp="2024-04-25T07:51:14 IST" skipped="0">
  <testcase classname="testcases.VerifyLoginTestCases" name="verifyLoginWithValidData" time="3.810"/>
  <system-out/>
  <testcase classname="testcases.VerifyLoginTestCases" name="verifyLoginithInValidData" time="7.909"/>
  <system-out/>
</testsuite> <!-- testcases.VerifyLoginTestCases -->
