<?xml version="1.0" encoding="UTF-8"?>
<!-- Generated by org.testng.reporters.JUnitReportReporter -->
<testsuite hostname="DESKTOP-9FOPB7P" failures="0" tests="3" name="testNGConcepts.priorityDemo" time="0.018" errors="0" timestamp="2024-04-18T16:00:53 IST" skipped="0">
  <testcase classname="testNGConcepts.priorityDemo" name="signup" time="0.015"/>
  <system-out/>
  <testcase classname="testNGConcepts.priorityDemo" name="verifyLogin" time="0.001"/>
  <system-out/>
  <testcase classname="testNGConcepts.priorityDemo" name="logout" time="0.002"/>
  <system-out/>
</testsuite> <!-- testNGConcepts.priorityDemo -->
