<?xml version="1.0" encoding="UTF-8"?>
<!-- Generated by org.testng.reporters.JUnitReportReporter -->
<testsuite hostname="DESKTOP-9FOPB7P" failures="0" tests="2" name="testcases.VerifyRegistrationTestCases" time="9.906" errors="0" timestamp="2024-04-25T07:51:14 IST" skipped="0">
  <testcase classname="testcases.VerifyRegistrationTestCases" name="verifyRegistrationWithInvalidData" time="4.700"/>
  <system-out/>
  <testcase classname="testcases.VerifyRegistrationTestCases" name="verifyRegistrationWithValidData" time="5.206"/>
  <system-out/>
</testsuite> <!-- testcases.VerifyRegistrationTestCases -->
